!SESSION 2016-01-31 13:54:06.243 -----------------------------------------------
eclipse.buildId=4.5.1.M20150904-0015
java.version=1.8.0_51
java.vendor=Oracle Corporation
BootLoader constants: OS=win32, ARCH=x86_64, WS=win32, NL=en_US
Framework arguments:  -product org.eclipse.epp.package.jee.product
Command-line arguments:  -os win32 -ws win32 -arch x86_64 -product org.eclipse.epp.package.jee.product

!ENTRY org.eclipse.egit.ui 2 0 2016-01-31 13:54:26.410
!MESSAGE Warning: The environment variable HOME is not set. The following directory will be used to store the Git
user global configuration and to define the default location to store repositories: 'C:\Users\DR042460'. If this is
not correct please set the HOME environment variable and restart Eclipse. Otherwise Git for Windows and
EGit might behave differently since they see different configuration options.
This warning can be switched off on the Team > Git > Confirmations and Warnings preference page.

!ENTRY org.eclipse.ui 4 0 2016-01-31 14:46:41.279
!MESSAGE Unhandled event loop exception
!STACK 0
org.eclipse.swt.SWTException: Failed to execute runnable (java.lang.IllegalArgumentException: Widget has the wrong parent)
	at org.eclipse.swt.SWT.error(SWT.java:4491)
	at org.eclipse.swt.SWT.error(SWT.java:4406)
	at org.eclipse.swt.widgets.Synchronizer.runAsyncMessages(Synchronizer.java:138)
	at org.eclipse.swt.widgets.Display.runAsyncMessages(Display.java:4155)
	at org.eclipse.swt.widgets.Display.readAndDispatch(Display.java:3772)
	at org.eclipse.e4.ui.internal.workbench.swt.PartRenderingEngine$4.run(PartRenderingEngine.java:1127)
	at org.eclipse.core.databinding.observable.Realm.runWithDefault(Realm.java:337)
	at org.eclipse.e4.ui.internal.workbench.swt.PartRenderingEngine.run(PartRenderingEngine.java:1018)
	at org.eclipse.e4.ui.internal.workbench.E4Workbench.createAndRunUI(E4Workbench.java:156)
	at org.eclipse.ui.internal.Workbench$5.run(Workbench.java:654)
	at org.eclipse.core.databinding.observable.Realm.runWithDefault(Realm.java:337)
	at org.eclipse.ui.internal.Workbench.createAndRunWorkbench(Workbench.java:598)
	at org.eclipse.ui.PlatformUI.createAndRunWorkbench(PlatformUI.java:150)
	at org.eclipse.ui.internal.ide.application.IDEApplication.start(IDEApplication.java:139)
	at org.eclipse.equinox.internal.app.EclipseAppHandle.run(EclipseAppHandle.java:196)
	at org.eclipse.core.runtime.internal.adaptor.EclipseAppLauncher.runApplication(EclipseAppLauncher.java:134)
	at org.eclipse.core.runtime.internal.adaptor.EclipseAppLauncher.start(EclipseAppLauncher.java:104)
	at org.eclipse.core.runtime.adaptor.EclipseStarter.run(EclipseStarter.java:380)
	at org.eclipse.core.runtime.adaptor.EclipseStarter.run(EclipseStarter.java:235)
	at sun.reflect.NativeMethodAccessorImpl.invoke0(Native Method)
	at sun.reflect.NativeMethodAccessorImpl.invoke(Unknown Source)
	at sun.reflect.DelegatingMethodAccessorImpl.invoke(Unknown Source)
	at java.lang.reflect.Method.invoke(Unknown Source)
	at org.eclipse.equinox.launcher.Main.invokeFramework(Main.java:669)
	at org.eclipse.equinox.launcher.Main.basicRun(Main.java:608)
	at org.eclipse.equinox.launcher.Main.run(Main.java:1515)
Caused by: java.lang.IllegalArgumentException: Widget has the wrong parent
	at org.eclipse.swt.SWT.error(SWT.java:4472)
	at org.eclipse.swt.SWT.error(SWT.java:4406)
	at org.eclipse.swt.SWT.error(SWT.java:4377)
	at org.eclipse.swt.widgets.Widget.error(Widget.java:482)
	at org.eclipse.swt.widgets.MenuItem.setMenu(MenuItem.java:886)
	at org.eclipse.jface.action.ActionContributionItem$11.run(ActionContributionItem.java:1351)
	at org.eclipse.swt.widgets.RunnableLock.run(RunnableLock.java:35)
	at org.eclipse.swt.widgets.Synchronizer.runAsyncMessages(Synchronizer.java:135)
	... 23 more
!SESSION 2016-02-02 11:22:48.117 -----------------------------------------------
eclipse.buildId=4.5.1.M20150904-0015
java.version=1.8.0_51
java.vendor=Oracle Corporation
BootLoader constants: OS=win32, ARCH=x86_64, WS=win32, NL=en_US
Framework arguments:  -product org.eclipse.epp.package.jee.product
Command-line arguments:  -os win32 -ws win32 -arch x86_64 -product org.eclipse.epp.package.jee.product

!ENTRY org.eclipse.egit.ui 2 0 2016-02-02 11:26:28.859
!MESSAGE Warning: The environment variable HOME is not set. The following directory will be used to store the Git
user global configuration and to define the default location to store repositories: 'C:\Users\DR042460'. If this is
not correct please set the HOME environment variable and restart Eclipse. Otherwise Git for Windows and
EGit might behave differently since they see different configuration options.
This warning can be switched off on the Team > Git > Confirmations and Warnings preference page.
!SESSION 2016-02-09 11:50:44.364 -----------------------------------------------
eclipse.buildId=4.5.1.M20150904-0015
java.version=1.8.0_51
java.vendor=Oracle Corporation
BootLoader constants: OS=win32, ARCH=x86_64, WS=win32, NL=en_US
Framework arguments:  -product org.eclipse.epp.package.jee.product
Command-line arguments:  -os win32 -ws win32 -arch x86_64 -product org.eclipse.epp.package.jee.product

!ENTRY org.eclipse.ui 2 0 2016-02-09 11:51:12.814
!MESSAGE The 'org.eclipse.ui.startup' extension from 'com.klocwork.inforceeclipseide' does not provide a 'class' attribute.
This usage is deprecated and a 'class' attribute should be provided.
The release after Mars (4.5) will no longer support the deprecated usage!

!ENTRY org.eclipse.ui 2 0 2016-02-09 11:51:12.824
!MESSAGE The 'org.eclipse.ui.startup' extension from 'com.klocwork.inforceeclipsejvmcheck' does not provide a 'class' attribute.
This usage is deprecated and a 'class' attribute should be provided.
The release after Mars (4.5) will no longer support the deprecated usage!
